<?xml version="1.0" encoding="UTF-8" standalone="no"?>
<testsuite errors="0" failures="4" name="io.cucumber.core.plugin.JUnitFormatter" skipped="0" tests="4" time="0.76">
    <testcase classname="Homepage Tabs Check" name="Atena shop for a plan tab is working" time="0.136">
        <failure message="" type="java.lang.NullPointerException">
            <![CDATA[Given I am Atena homePage...................................................undefined
And I click on shop for a plan..............................................skipped
Then I verify title "Health Insurance Plans | Aetna" is working.............skipped

StackTrace:
java.lang.NullPointerException
	at common.WebAPI.cleanUp(WebAPI.java:209)
	at stepDefinitions.HomePageStepDefinition.closeBrowser(HomePageStepDefinition.java:38)
]]>
        </failure>
    </testcase>
    <testcase classname="Homepage Tabs Check" name="Atena shop for a plan tab is working 2" time="0.008">
        <failure message="" type="java.lang.NullPointerException">
            <![CDATA[Given I am Atena homePage...................................................undefined
And I click on shop for a plan..............................................skipped
And I click on Medicare.....................................................skipped
And I click on Find a doctor................................................skipped
Then i will verify that the page Aetna is working properly..................skipped

StackTrace:
java.lang.NullPointerException
	at common.WebAPI.cleanUp(WebAPI.java:209)
	at stepDefinitions.HomePageStepDefinition.closeBrowser(HomePageStepDefinition.java:38)
]]>
        </failure>
    </testcase>
    <testcase classname="Homepage Tabs Check" name="Atena Individual tab is working" time="0.007">
        <failure message="" type="java.lang.NullPointerException">
            <![CDATA[Given I am Atena homePage...................................................undefined
And I click on Individual tab...............................................skipped
Then i will verify that the Individual tab is working properly..............skipped

StackTrace:
java.lang.NullPointerException
	at common.WebAPI.cleanUp(WebAPI.java:209)
	at stepDefinitions.HomePageStepDefinition.closeBrowser(HomePageStepDefinition.java:38)
]]>
        </failure>
    </testcase>
    <testcase classname="Homepage Tabs Check" name="Explore Aetna tab is working properly" time="0.009">
        <failure message="" type="java.lang.NullPointerException">
            <![CDATA[Given I am Atena homePage...................................................undefined
And I click on Individual tab...............................................skipped
Then i will verify that the Individual tab is working properly..............skipped

StackTrace:
java.lang.NullPointerException
	at common.WebAPI.cleanUp(WebAPI.java:209)
	at stepDefinitions.HomePageStepDefinition.closeBrowser(HomePageStepDefinition.java:38)
]]>
        </failure>
    </testcase>
</testsuite>
