<?xml version="1.0" encoding="UTF-8" standalone="no"?>
<testsuite errors="0" failures="0" name="io.cucumber.core.plugin.JUnitFormatter" skipped="0" tests="1" time="13.403">
    <testcase classname="Unknown" name="Browse by Theme of Road Trips" time="13.047">
        <system-out>
            <![CDATA[Given user is on Travel Forum page..........................................passed
When user clicks on Road Trips..............................................passed
Then user verifies "Road Trips Forum" appears on page.......................passed
]]>
        </system-out>
    </testcase>
</testsuite>
