<?xml version="1.0" encoding="UTF-8" standalone="no"?>
<testsuite errors="0" failures="0" name="io.cucumber.core.plugin.JUnitFormatter" skipped="0" tests="1" time="13.525">
    <testcase classname="Unknown" name="Browse by Theme of Train Travel" time="13.184">
        <system-out>
            <![CDATA[Given user is on Travel Forum page..........................................passed
When user clicks on Train Travel............................................passed
Then user verifies "Train Travel Forum" appears on page.....................passed
]]>
        </system-out>
    </testcase>
</testsuite>
