<?xml version="1.0" encoding="UTF-8" standalone="no"?>
<testsuite errors="0" failures="0" name="io.cucumber.core.plugin.JUnitFormatter" skipped="0" tests="1" time="12.586">
    <testcase classname="Unknown" name="Browse by Theme of Bargain Travel" time="12.248">
        <system-out>
            <![CDATA[Given user is on Travel Forum page..........................................passed
When user clicks on Bargain Travel..........................................passed
Then user verifies "Bargain Travel Forum" appears on page...................passed
]]>
        </system-out>
    </testcase>
</testsuite>
