<?xml version="1.0" encoding="UTF-8" standalone="no"?>
<testsuite errors="0" failures="0" name="io.cucumber.core.plugin.JUnitFormatter" skipped="0" tests="1" time="16.467">
    <testcase classname="Unknown" name="Check all Tabs in Header" time="15.798">
        <system-out>
            <![CDATA[Given user is on Travel Forum page..........................................passed
Then user gets all links from Travel Page...................................passed
]]>
        </system-out>
    </testcase>
</testsuite>
