<?xml version="1.0" encoding="UTF-8" standalone="no"?>
<testsuite errors="0" failures="0" name="io.cucumber.core.plugin.JUnitFormatter" skipped="0" tests="1" time="19.586">
    <testcase classname="Sign In Functionality check" name="SearchBox Functionality Check using DataBase" time="18.608">
        <system-out>
            <![CDATA[Given I am on TripAdvisor homepage..........................................passed
And user clicks on the searchbox............................................passed
When user types data into search box from database..........................passed
Then user verifies "Bangladesh" is displayed properly.......................passed
]]>
        </system-out>
    </testcase>
</testsuite>
