<?xml version="1.0" encoding="UTF-8" standalone="no"?>
<testsuite errors="0" failures="0" name="io.cucumber.core.plugin.JUnitFormatter" skipped="0" tests="1" time="13.87">
    <testcase classname="Unknown" name="Browse by Theme of Travel Gadgets and Gear" time="13.311">
        <system-out>
            <![CDATA[Given user is on Travel Forum page..........................................passed
When user clicks on Travel Gadgets and Gear.................................passed
Then user verifies "Travel Gadgets and Gear Forum" appears on page..........passed
]]>
        </system-out>
    </testcase>
</testsuite>
