<?xml version="1.0" encoding="UTF-8" standalone="no"?>
<testsuite errors="0" failures="2" name="io.cucumber.core.plugin.JUnitFormatter" skipped="0" tests="6" time="75.281">
    <testcase classname="Verifying More Tab of TripAdvisor Home page https://www.tripadvisor.com/" name="verify click on Add a Place Link" time="13.021">
        <system-out>
            <![CDATA[Given I am navigated to tripadvisor Home page...............................passed
And click on the More tab from the Header...................................passed
And I clicked on Add a Place................................................passed
Then I should have seen a text "Add a place to Tripadvisor".................passed
]]>
        </system-out>
    </testcase>
    <testcase classname="Verifying More Tab of TripAdvisor Home page https://www.tripadvisor.com/" name="verify click on Airlines Link" time="12.022">
        <system-out>
            <![CDATA[Given I am navigated to tripadvisor Home page...............................passed
And click on the More tab from the Header...................................passed
And I clicked on Airlines link..............................................passed
Then I should have a new Airlines page with a text "Airlines"...............passed
]]>
        </system-out>
    </testcase>
    <testcase classname="Verifying More Tab of TripAdvisor Home page https://www.tripadvisor.com/" name="verify click on Cruises Link" time="13.248">
        <system-out>
            <![CDATA[Given I am navigated to tripadvisor Home page...............................passed
And click on the More tab from the Header...................................passed
And I clicked on Cruises link...............................................passed
Then I should have a new Cruises page with a text "Cruises - Cruise Vacations: 2021 Destinations & Ports | CHEAP Cruises - Tripadvisor".passed
]]>
        </system-out>
    </testcase>
    <testcase classname="Verifying More Tab of TripAdvisor Home page https://www.tripadvisor.com/" name="verify click on Flights Link" time="12.774">
        <failure message="Test failed expected:&lt;... Boston, MA - from $[153] - Tripadvisor&gt; but was:&lt;... Boston, MA - from $[90] - Tripadvisor&gt;" type="org.junit.ComparisonFailure">
            <![CDATA[Given I am navigated to tripadvisor Home page...............................passed
And click on the More tab from the Header...................................passed
And I clicked on Flights link...............................................passed
Then I should have a new Flights page with a text "Cheap Flights from Boston, MA - from $153 - Tripadvisor".failed

StackTrace:
org.junit.ComparisonFailure: Test failed expected:<... Boston, MA - from $[153] - Tripadvisor> but was:<... Boston, MA - from $[90] - Tripadvisor>
	at org.junit.Assert.assertEquals(Assert.java:117)
	at homepage.HomePage.verifyTitlePage(HomePage.java:27)
	at stepDefinitions.MoreTabStepDefinition.i_should_have_a_new_flights_page_with_a_text(MoreTabStepDefinition.java:100)
	at ✽.I should have a new Flights page with a text "Cheap Flights from Boston, MA - from $153 - Tripadvisor"(file:///D:/Automation/BDDAutomationFramework_Team2/TripAdvisor/src/test/java/features/MoreTab.feature:25)
]]>
        </failure>
    </testcase>
    <testcase classname="Verifying More Tab of TripAdvisor Home page https://www.tripadvisor.com/" name="verify click on Car Rental Link" time="10.678">
        <failure message="Test failed expected:&lt;[Book Cheap Rental Cars &amp; Search Car Rental Deals - Tripadvisor]&gt; but was:&lt;[Tripadvisor: Read Reviews, Compare Prices &amp; Book]&gt;" type="org.junit.ComparisonFailure">
            <![CDATA[Given I am navigated to tripadvisor Home page...............................passed
And click on the More tab from the Header...................................passed
And I clicked on Rental Cars link...........................................passed
Then I should have a new Rental Cars page with a text "Book Cheap Rental Cars & Search Car Rental Deals - Tripadvisor".failed

StackTrace:
org.junit.ComparisonFailure: Test failed expected:<[Book Cheap Rental Cars & Search Car Rental Deals - Tripadvisor]> but was:<[Tripadvisor: Read Reviews, Compare Prices & Book]>
	at org.junit.Assert.assertEquals(Assert.java:117)
	at homepage.HomePage.verifyTitlePage(HomePage.java:27)
	at stepDefinitions.MoreTabStepDefinition.i_should_have_a_new_Rental_Cars_page_with_a_text(MoreTabStepDefinition.java:110)
	at ✽.I should have a new Rental Cars page with a text "Book Cheap Rental Cars & Search Car Rental Deals - Tripadvisor"(file:///D:/Automation/BDDAutomationFramework_Team2/TripAdvisor/src/test/java/features/MoreTab.feature:30)
]]>
        </failure>
    </testcase>
    <testcase classname="Verifying More Tab of TripAdvisor Home page https://www.tripadvisor.com/" name="verify click on Hire a Trip Designer Link" time="13.158">
        <system-out>
            <![CDATA[Given I am navigated to tripadvisor Home page...............................passed
And click on the More tab from the Header...................................passed
And I clicked on Hire a Trip Designer link..................................passed
Then I should have a new Hire a Trip Designer page with a text "Reco Trip Designers | A new kind of travel agent experience from Tripadvisor".passed
]]>
        </system-out>
    </testcase>
</testsuite>
