<?xml version="1.0" encoding="UTF-8" standalone="no"?>
<testsuite errors="0" failures="0" name="io.cucumber.core.plugin.JUnitFormatter" skipped="0" tests="1" time="12.911">
    <testcase classname="Unknown" name="Browse by Theme of Family Travel" time="12.555">
        <system-out>
            <![CDATA[Given user is on Travel Forum page..........................................passed
When user clicks on Family Travel...........................................passed
Then user verifies "Family Travel Forum" appears on page....................passed
]]>
        </system-out>
    </testcase>
</testsuite>
