<?xml version="1.0" encoding="UTF-8" standalone="no"?>
<testsuite errors="0" failures="1" name="io.cucumber.core.plugin.JUnitFormatter" skipped="0" tests="4" time="75.916">
    <testcase classname="Verifying Online Banking product features" name="Products Tab option" time="23.086">
        <system-out>
            <![CDATA[Given I am navigated to TDBank Home page TDBank.............................passed
And I clicked on the Log In Header Option...................................passed
And I locate and clicked on Online Banking under Login......................passed
Then I should land on a new Online Banking windows tab "Welcome to Online Banking".passed
When I clicked on Products tab..............................................passed
Then I should have a Title page "Products and Services".....................passed
]]>
        </system-out>
    </testcase>
    <testcase classname="Verifying Online Banking product features" name="Cross Border Banking Solutions Tab Option" time="18.399">
        <failure message="Element &lt;span class=&quot;td-menuItem-label ng-binding&quot;&gt; could not be scrolled into view&#10;Build info: version: '3.141.59', revision: 'e82be7d358', time: '2018-11-14T08:17:03'&#10;System info: host: 'ALELIGN', ip: '192.168.188.1', os.name: 'Windows 10', os.arch: 'amd64', os.version: '10.0', java.version: '11.0.9'&#10;Driver info: org.openqa.selenium.firefox.FirefoxDriver&#10;Capabilities {acceptInsecureCerts: true, browserName: firefox, browserVersion: 87.0, javascriptEnabled: true, moz:accessibilityChecks: false, moz:buildID: 20210318103112, moz:geckodriverVersion: 0.29.0, moz:headless: false, moz:processID: 25608, moz:profile: C:\Users\Alelign\AppData\Lo..., moz:shutdownTimeout: 60000, moz:useNonSpecCompliantPointerOrigin: false, moz:webdriverClick: true, pageLoadStrategy: normal, platform: WINDOWS, platformName: WINDOWS, platformVersion: 10.0, rotatable: false, setWindowRect: true, strictFileInteractability: false, timeouts: {implicit: 0, pageLoad: 300000, script: 30000}, unhandledPromptBehavior: dismiss and notify}&#10;Session ID: bfffbf88-1744-4bfb-9fcc-78e7b8c18e2a" type="org.openqa.selenium.ElementNotInteractableException">
            <![CDATA[Given I am navigated to TDBank Home page TDBank.............................passed
And I clicked on the Log In Header Option...................................passed
And I locate and clicked on Online Banking under Login......................passed
Then I should land on a new Online Banking windows tab "Welcome to Online Banking".passed
And I hover on the Solutions Link...........................................passed
And I clicked on Cross Border Banking.......................................failed
Then I should land on a new Online Banking windows 2 "Cross-Border Banking | TD Canada Trust".skipped

StackTrace:
org.openqa.selenium.ElementNotInteractableException: Element <span class="td-menuItem-label ng-binding"> could not be scrolled into view
Build info: version: '3.141.59', revision: 'e82be7d358', time: '2018-11-14T08:17:03'
System info: host: 'ALELIGN', ip: '192.168.188.1', os.name: 'Windows 10', os.arch: 'amd64', os.version: '10.0', java.version: '11.0.9'
Driver info: org.openqa.selenium.firefox.FirefoxDriver
Capabilities {acceptInsecureCerts: true, browserName: firefox, browserVersion: 87.0, javascriptEnabled: true, moz:accessibilityChecks: false, moz:buildID: 20210318103112, moz:geckodriverVersion: 0.29.0, moz:headless: false, moz:processID: 25608, moz:profile: C:\Users\Alelign\AppData\Lo..., moz:shutdownTimeout: 60000, moz:useNonSpecCompliantPointerOrigin: false, moz:webdriverClick: true, pageLoadStrategy: normal, platform: WINDOWS, platformName: WINDOWS, platformVersion: 10.0, rotatable: false, setWindowRect: true, strictFileInteractability: false, timeouts: {implicit: 0, pageLoad: 300000, script: 30000}, unhandledPromptBehavior: dismiss and notify}
Session ID: bfffbf88-1744-4bfb-9fcc-78e7b8c18e2a
	at java.base/jdk.internal.reflect.NativeConstructorAccessorImpl.newInstance0(Native Method)
	at java.base/jdk.internal.reflect.NativeConstructorAccessorImpl.newInstance(NativeConstructorAccessorImpl.java:62)
	at java.base/jdk.internal.reflect.DelegatingConstructorAccessorImpl.newInstance(DelegatingConstructorAccessorImpl.java:45)
	at java.base/java.lang.reflect.Constructor.newInstance(Constructor.java:490)
	at org.openqa.selenium.remote.http.W3CHttpResponseCodec.createException(W3CHttpResponseCodec.java:187)
	at org.openqa.selenium.remote.http.W3CHttpResponseCodec.decode(W3CHttpResponseCodec.java:122)
	at org.openqa.selenium.remote.http.W3CHttpResponseCodec.decode(W3CHttpResponseCodec.java:49)
	at org.openqa.selenium.remote.HttpCommandExecutor.execute(HttpCommandExecutor.java:158)
	at org.openqa.selenium.remote.service.DriverCommandExecutor.execute(DriverCommandExecutor.java:83)
	at org.openqa.selenium.remote.RemoteWebDriver.execute(RemoteWebDriver.java:552)
	at org.openqa.selenium.remote.RemoteWebElement.execute(RemoteWebElement.java:285)
	at org.openqa.selenium.remote.RemoteWebElement.click(RemoteWebElement.java:84)
	at common.WebAPI.clickByXpath(WebAPI.java:341)
	at stepDefinitions.OnlineBankingStepDefinition.i_clicked_on_cross_border_banking(OnlineBankingStepDefinition.java:34)
	at ✽.I clicked on Cross Border Banking(file:///D:/Automation/BDDAutomationFramework_Team2/TDBank/src/test/java/features/OnlineBackingFeatures.feature:17)
]]>
        </failure>
    </testcase>
    <testcase classname="Verify TDBank Online services" name="accessing Online Banking From the Service Header Option" time="17.429">
        <system-out>
            <![CDATA[Given I am navigated to TDBank Home page TDBank.............................passed
And I clicked on Services link..............................................passed
And I locate and clicked on Online Banking..................................passed
Then I should land on a new Online Banking page "Online Banking"............passed
]]>
        </system-out>
    </testcase>
    <testcase classname="Verify TDBank Online services" name="accessing Online Banking From the Log In Option" time="16.66">
        <system-out>
            <![CDATA[Given I am navigated to TDBank Home page TDBank.............................passed
And I clicked on the Log In Header Option...................................passed
And I locate and clicked on Online Banking under Login......................passed
Then I should land on a new Online Banking windows tab "Welcome to Online Banking".passed
]]>
        </system-out>
    </testcase>
</testsuite>
