<?xml version="1.0" encoding="UTF-8" standalone="no"?>
<testsuite errors="0" failures="0" name="io.cucumber.core.plugin.JUnitFormatter" skipped="0" tests="2" time="20.234">
    <testcase classname="Products Drop Down Functionalities" name="_2" time="10.356">
        <system-out>
            <![CDATA[Given user is on Special Offers page........................................passed
When user clicks on search box..............................................passed
And enters "credit".........................................................passed
Then user verifies url is "https://www.tdbank.com/CustomerService/search-results.aspx?q=credit+".passed
]]>
        </system-out>
    </testcase>
    <testcase classname="Products Drop Down Functionalities" name="_3" time="9.195">
        <system-out>
            <![CDATA[Given user is on Special Offers page........................................passed
When user clicks on search box..............................................passed
And enters "loan"...........................................................passed
Then user verifies url is "https://www.tdbank.com/CustomerService/search-results.aspx?q=credit+".passed
]]>
        </system-out>
    </testcase>
</testsuite>
