<?xml version="1.0" encoding="UTF-8" standalone="no"?>
<testsuite errors="0" failures="5" name="io.cucumber.core.plugin.JUnitFormatter" skipped="0" tests="21" time="642.789">
    <testcase classname="working on DESTINATION DEALS" name="Flights to popular destinations" time="32.709">
        <system-out>
            <![CDATA[Given I am on United Airlines Home page.....................................passed
And I click on the DEALS option.............................................passed
When I clicked on Flights to popular destinations...........................passed
Then I should land on a new tab "United Cheap Flights to 300+ Destinations Worldwide | United Airlines".passed
]]>
        </system-out>
    </testcase>
    <testcase classname="working on DESTINATION DEALS" name="Flights to national parks" time="27.244">
        <system-out>
            <![CDATA[Given I am on United Airlines Home page.....................................passed
And I click on the DEALS option.............................................passed
When I click on national parks..............................................passed
Then I should land on a new page with "Flights to USA National Parks - Find the Best Fare for Your Next Trip - United Airlines".passed
]]>
        </system-out>
    </testcase>
    <testcase classname="working on DESTINATION DEALS" name="Flights to San Francisco" time="28.144">
        <system-out>
            <![CDATA[Given I am on United Airlines Home page.....................................passed
And I click on the DEALS option.............................................passed
When I clicked on Flights to San Francisco link.............................passed
Then I should have a new windows tab with a title "Flights to San Francisco".passed
]]>
        </system-out>
    </testcase>
    <testcase classname="working on DESTINATION DEALS" name="Flights to New York Newark" time="26.746">
        <system-out>
            <![CDATA[Given I am on United Airlines Home page.....................................passed
And I click on the DEALS option.............................................passed
When I clicked on the Flights to New York Newark link.......................passed
Then I should be found a new page with a bread cramp end with "Flights to New York/Newark".passed
]]>
        </system-out>
    </testcase>
    <testcase classname="working on DESTINATION DEALS" name="Flights to Houston" time="28.408">
        <system-out>
            <![CDATA[Given I am on United Airlines Home page.....................................passed
And I click on the DEALS option.............................................passed
When I clicked on the link on Flights to Houston............................passed
Then I should land to a new windows tab with bread cramp end with  "Flights to Houston".passed
]]>
        </system-out>
    </testcase>
    <testcase classname="working on DESTINATION DEALS" name="Flights to Chicago" time="27.784">
        <system-out>
            <![CDATA[Given I am on United Airlines Home page.....................................passed
And I click on the DEALS option.............................................passed
When I clicked on Flights to Chicago link...................................passed
Then I should land to a new windows tab with bread cramp end with  "Flights to Chicago".passed
]]>
        </system-out>
    </testcase>
    <testcase classname="working on DESTINATION DEALS" name="Flights to Los Angeles" time="27.969">
        <system-out>
            <![CDATA[Given I am on United Airlines Home page.....................................passed
And I click on the DEALS option.............................................passed
When I clicked on Flights to Los Angeles link...............................passed
Then I should land to a new windows tab with bread cramp end with  "Flights to Los Angeles".passed
]]>
        </system-out>
    </testcase>
    <testcase classname="working on DESTINATION DEALS" name="Flights to Orlando" time="26.732">
        <system-out>
            <![CDATA[Given I am on United Airlines Home page.....................................passed
And I click on the DEALS option.............................................passed
When I clicked on Flights to Orlando link...................................passed
Then I should land to a new windows tab with bread cramp end with  "Flights to Orlando".passed
]]>
        </system-out>
    </testcase>
    <testcase classname="working on DESTINATION DEALS" name="Book a Roundtrip flight with a promotion code" time="51.81">
        <failure message="Unable to locate element: //a[@class='react-datepicker__navigation react-datepicker__navigation--previous']&#10;For documentation on this error, please visit: https://www.seleniumhq.org/exceptions/no_such_element.html&#10;Build info: version: '3.141.59', revision: 'e82be7d358', time: '2018-11-14T08:17:03'&#10;System info: host: 'ALELIGN', ip: '192.168.188.1', os.name: 'Windows 10', os.arch: 'amd64', os.version: '10.0', java.version: '11.0.9'&#10;Driver info: org.openqa.selenium.firefox.FirefoxDriver&#10;Capabilities {acceptInsecureCerts: true, browserName: firefox, browserVersion: 87.0, javascriptEnabled: true, moz:accessibilityChecks: false, moz:buildID: 20210318103112, moz:geckodriverVersion: 0.29.0, moz:headless: false, moz:processID: 58220, moz:profile: C:\Users\Alelign\AppData\Lo..., moz:shutdownTimeout: 60000, moz:useNonSpecCompliantPointerOrigin: false, moz:webdriverClick: true, pageLoadStrategy: normal, platform: WINDOWS, platformName: WINDOWS, platformVersion: 10.0, rotatable: false, setWindowRect: true, strictFileInteractability: false, timeouts: {implicit: 0, pageLoad: 300000, script: 30000}, unhandledPromptBehavior: dismiss and notify}&#10;Session ID: 74b8260f-68f5-4c48-ad4b-d5c09f6d5d88&#10;*** Element info: {Using=xpath, value=//a[@class='react-datepicker__navigation react-datepicker__navigation--previous']}" type="org.openqa.selenium.NoSuchElementException">
            <![CDATA[Given I am on United Airlines Home page.....................................passed
And I click on the DEALS option.............................................passed
When I clicked on Flights to Orlando link...................................passed
Then I should land to a new windows tab with bread cramp end with  "Flights to Orlando".passed
When I enter a departure city and destination city..........................passed
And I selected the departure and return dates...............................failed
And I selected travel info class of travel and number of travelers..........skipped
When I entered the promotion code "1239865721"..............................skipped
And I click on the Search Flights button....................................skipped
Then I should see a text "We could not process your request. Please see the message below and make revisions.".skipped

StackTrace:
org.openqa.selenium.NoSuchElementException: Unable to locate element: //a[@class='react-datepicker__navigation react-datepicker__navigation--previous']
For documentation on this error, please visit: https://www.seleniumhq.org/exceptions/no_such_element.html
Build info: version: '3.141.59', revision: 'e82be7d358', time: '2018-11-14T08:17:03'
System info: host: 'ALELIGN', ip: '192.168.188.1', os.name: 'Windows 10', os.arch: 'amd64', os.version: '10.0', java.version: '11.0.9'
Driver info: org.openqa.selenium.firefox.FirefoxDriver
Capabilities {acceptInsecureCerts: true, browserName: firefox, browserVersion: 87.0, javascriptEnabled: true, moz:accessibilityChecks: false, moz:buildID: 20210318103112, moz:geckodriverVersion: 0.29.0, moz:headless: false, moz:processID: 58220, moz:profile: C:\Users\Alelign\AppData\Lo..., moz:shutdownTimeout: 60000, moz:useNonSpecCompliantPointerOrigin: false, moz:webdriverClick: true, pageLoadStrategy: normal, platform: WINDOWS, platformName: WINDOWS, platformVersion: 10.0, rotatable: false, setWindowRect: true, strictFileInteractability: false, timeouts: {implicit: 0, pageLoad: 300000, script: 30000}, unhandledPromptBehavior: dismiss and notify}
Session ID: 74b8260f-68f5-4c48-ad4b-d5c09f6d5d88
*** Element info: {Using=xpath, value=//a[@class='react-datepicker__navigation react-datepicker__navigation--previous']}
	at java.base/jdk.internal.reflect.NativeConstructorAccessorImpl.newInstance0(Native Method)
	at java.base/jdk.internal.reflect.NativeConstructorAccessorImpl.newInstance(NativeConstructorAccessorImpl.java:62)
	at java.base/jdk.internal.reflect.DelegatingConstructorAccessorImpl.newInstance(DelegatingConstructorAccessorImpl.java:45)
	at java.base/java.lang.reflect.Constructor.newInstance(Constructor.java:490)
	at org.openqa.selenium.remote.http.W3CHttpResponseCodec.createException(W3CHttpResponseCodec.java:187)
	at org.openqa.selenium.remote.http.W3CHttpResponseCodec.decode(W3CHttpResponseCodec.java:122)
	at org.openqa.selenium.remote.http.W3CHttpResponseCodec.decode(W3CHttpResponseCodec.java:49)
	at org.openqa.selenium.remote.HttpCommandExecutor.execute(HttpCommandExecutor.java:158)
	at org.openqa.selenium.remote.service.DriverCommandExecutor.execute(DriverCommandExecutor.java:83)
	at org.openqa.selenium.remote.RemoteWebDriver.execute(RemoteWebDriver.java:552)
	at org.openqa.selenium.remote.RemoteWebDriver.findElement(RemoteWebDriver.java:323)
	at org.openqa.selenium.remote.RemoteWebDriver.findElementByXPath(RemoteWebDriver.java:428)
	at org.openqa.selenium.By$ByXPath.findElement(By.java:353)
	at org.openqa.selenium.remote.RemoteWebDriver.findElement(RemoteWebDriver.java:315)
	at common.WebAPI.clickByXpath(WebAPI.java:341)
	at homepage.DestinationDealsHom.selectDepartureDate(DestinationDealsHom.java:105)
	at stepDefinitions.UADestinationStepDefinition.i_selected_the_departure_and_return_dates(UADestinationStepDefinition.java:127)
	at ✽.I selected the departure and return dates(file:///D:/Automation/BDDAutomationFramework_Team2/UnitedAirlines/src/test/java/features/Destinations.feature:54)
]]>
        </failure>
    </testcase>
    <testcase classname="working on DESTINATION DEALS" name="Book a Roundtrip flight without a promotion code" time="51.525">
        <failure message="Unable to locate element: //a[@class='react-datepicker__navigation react-datepicker__navigation--previous']&#10;For documentation on this error, please visit: https://www.seleniumhq.org/exceptions/no_such_element.html&#10;Build info: version: '3.141.59', revision: 'e82be7d358', time: '2018-11-14T08:17:03'&#10;System info: host: 'ALELIGN', ip: '192.168.188.1', os.name: 'Windows 10', os.arch: 'amd64', os.version: '10.0', java.version: '11.0.9'&#10;Driver info: org.openqa.selenium.firefox.FirefoxDriver&#10;Capabilities {acceptInsecureCerts: true, browserName: firefox, browserVersion: 87.0, javascriptEnabled: true, moz:accessibilityChecks: false, moz:buildID: 20210318103112, moz:geckodriverVersion: 0.29.0, moz:headless: false, moz:processID: 34980, moz:profile: C:\Users\Alelign\AppData\Lo..., moz:shutdownTimeout: 60000, moz:useNonSpecCompliantPointerOrigin: false, moz:webdriverClick: true, pageLoadStrategy: normal, platform: WINDOWS, platformName: WINDOWS, platformVersion: 10.0, rotatable: false, setWindowRect: true, strictFileInteractability: false, timeouts: {implicit: 0, pageLoad: 300000, script: 30000}, unhandledPromptBehavior: dismiss and notify}&#10;Session ID: b31aba8d-005c-444a-bd45-931ac4bdae70&#10;*** Element info: {Using=xpath, value=//a[@class='react-datepicker__navigation react-datepicker__navigation--previous']}" type="org.openqa.selenium.NoSuchElementException">
            <![CDATA[Given I am on United Airlines Home page.....................................passed
And I click on the DEALS option.............................................passed
When I clicked on Flights to Orlando link...................................passed
Then I should land to a new windows tab with bread cramp end with  "Flights to Orlando".passed
When I enter a departure city and destination city..........................passed
And I selected the departure and return dates...............................failed
And I selected travel info class of travel and number of travelers..........skipped
And I click on the Search Flights button....................................skipped
Then I should land on a page displays a text "We could not process your request. Please see the message below and make revisions.".skipped

StackTrace:
org.openqa.selenium.NoSuchElementException: Unable to locate element: //a[@class='react-datepicker__navigation react-datepicker__navigation--previous']
For documentation on this error, please visit: https://www.seleniumhq.org/exceptions/no_such_element.html
Build info: version: '3.141.59', revision: 'e82be7d358', time: '2018-11-14T08:17:03'
System info: host: 'ALELIGN', ip: '192.168.188.1', os.name: 'Windows 10', os.arch: 'amd64', os.version: '10.0', java.version: '11.0.9'
Driver info: org.openqa.selenium.firefox.FirefoxDriver
Capabilities {acceptInsecureCerts: true, browserName: firefox, browserVersion: 87.0, javascriptEnabled: true, moz:accessibilityChecks: false, moz:buildID: 20210318103112, moz:geckodriverVersion: 0.29.0, moz:headless: false, moz:processID: 34980, moz:profile: C:\Users\Alelign\AppData\Lo..., moz:shutdownTimeout: 60000, moz:useNonSpecCompliantPointerOrigin: false, moz:webdriverClick: true, pageLoadStrategy: normal, platform: WINDOWS, platformName: WINDOWS, platformVersion: 10.0, rotatable: false, setWindowRect: true, strictFileInteractability: false, timeouts: {implicit: 0, pageLoad: 300000, script: 30000}, unhandledPromptBehavior: dismiss and notify}
Session ID: b31aba8d-005c-444a-bd45-931ac4bdae70
*** Element info: {Using=xpath, value=//a[@class='react-datepicker__navigation react-datepicker__navigation--previous']}
	at java.base/jdk.internal.reflect.NativeConstructorAccessorImpl.newInstance0(Native Method)
	at java.base/jdk.internal.reflect.NativeConstructorAccessorImpl.newInstance(NativeConstructorAccessorImpl.java:62)
	at java.base/jdk.internal.reflect.DelegatingConstructorAccessorImpl.newInstance(DelegatingConstructorAccessorImpl.java:45)
	at java.base/java.lang.reflect.Constructor.newInstance(Constructor.java:490)
	at org.openqa.selenium.remote.http.W3CHttpResponseCodec.createException(W3CHttpResponseCodec.java:187)
	at org.openqa.selenium.remote.http.W3CHttpResponseCodec.decode(W3CHttpResponseCodec.java:122)
	at org.openqa.selenium.remote.http.W3CHttpResponseCodec.decode(W3CHttpResponseCodec.java:49)
	at org.openqa.selenium.remote.HttpCommandExecutor.execute(HttpCommandExecutor.java:158)
	at org.openqa.selenium.remote.service.DriverCommandExecutor.execute(DriverCommandExecutor.java:83)
	at org.openqa.selenium.remote.RemoteWebDriver.execute(RemoteWebDriver.java:552)
	at org.openqa.selenium.remote.RemoteWebDriver.findElement(RemoteWebDriver.java:323)
	at org.openqa.selenium.remote.RemoteWebDriver.findElementByXPath(RemoteWebDriver.java:428)
	at org.openqa.selenium.By$ByXPath.findElement(By.java:353)
	at org.openqa.selenium.remote.RemoteWebDriver.findElement(RemoteWebDriver.java:315)
	at common.WebAPI.clickByXpath(WebAPI.java:341)
	at homepage.DestinationDealsHom.selectDepartureDate(DestinationDealsHom.java:105)
	at stepDefinitions.UADestinationStepDefinition.i_selected_the_departure_and_return_dates(UADestinationStepDefinition.java:127)
	at ✽.I selected the departure and return dates(file:///D:/Automation/BDDAutomationFramework_Team2/UnitedAirlines/src/test/java/features/Destinations.feature:67)
]]>
        </failure>
    </testcase>
    <testcase classname="working on DESTINATION DEALS" name="Book a Roundtrip flight with a mile and no promotion code" time="56.974">
        <failure message="Unable to locate element: //a[@class='react-datepicker__navigation react-datepicker__navigation--previous']&#10;For documentation on this error, please visit: https://www.seleniumhq.org/exceptions/no_such_element.html&#10;Build info: version: '3.141.59', revision: 'e82be7d358', time: '2018-11-14T08:17:03'&#10;System info: host: 'ALELIGN', ip: '192.168.188.1', os.name: 'Windows 10', os.arch: 'amd64', os.version: '10.0', java.version: '11.0.9'&#10;Driver info: org.openqa.selenium.firefox.FirefoxDriver&#10;Capabilities {acceptInsecureCerts: true, browserName: firefox, browserVersion: 87.0, javascriptEnabled: true, moz:accessibilityChecks: false, moz:buildID: 20210318103112, moz:geckodriverVersion: 0.29.0, moz:headless: false, moz:processID: 19648, moz:profile: C:\Users\Alelign\AppData\Lo..., moz:shutdownTimeout: 60000, moz:useNonSpecCompliantPointerOrigin: false, moz:webdriverClick: true, pageLoadStrategy: normal, platform: WINDOWS, platformName: WINDOWS, platformVersion: 10.0, rotatable: false, setWindowRect: true, strictFileInteractability: false, timeouts: {implicit: 0, pageLoad: 300000, script: 30000}, unhandledPromptBehavior: dismiss and notify}&#10;Session ID: 84446b24-08b3-43b4-83b4-6dc5844cb9e7&#10;*** Element info: {Using=xpath, value=//a[@class='react-datepicker__navigation react-datepicker__navigation--previous']}" type="org.openqa.selenium.NoSuchElementException">
            <![CDATA[Given I am on United Airlines Home page.....................................passed
And I click on the DEALS option.............................................passed
When I clicked on Flights to popular destinations...........................passed
Then I should land on a new tab "United Cheap Flights to 300+ Destinations Worldwide | United Airlines".passed
When I clicked on Book with miles checklist.................................passed
And I enter a departure city and destination city...........................passed
And I selected the departure and return dates...............................failed
And I selected travel info class of travel and number of travelers..........skipped
And I click on the Search Flights button....................................skipped
Then I should expect to see the text "Sign in to your MileagePlus account to show the best award availability".skipped

StackTrace:
org.openqa.selenium.NoSuchElementException: Unable to locate element: //a[@class='react-datepicker__navigation react-datepicker__navigation--previous']
For documentation on this error, please visit: https://www.seleniumhq.org/exceptions/no_such_element.html
Build info: version: '3.141.59', revision: 'e82be7d358', time: '2018-11-14T08:17:03'
System info: host: 'ALELIGN', ip: '192.168.188.1', os.name: 'Windows 10', os.arch: 'amd64', os.version: '10.0', java.version: '11.0.9'
Driver info: org.openqa.selenium.firefox.FirefoxDriver
Capabilities {acceptInsecureCerts: true, browserName: firefox, browserVersion: 87.0, javascriptEnabled: true, moz:accessibilityChecks: false, moz:buildID: 20210318103112, moz:geckodriverVersion: 0.29.0, moz:headless: false, moz:processID: 19648, moz:profile: C:\Users\Alelign\AppData\Lo..., moz:shutdownTimeout: 60000, moz:useNonSpecCompliantPointerOrigin: false, moz:webdriverClick: true, pageLoadStrategy: normal, platform: WINDOWS, platformName: WINDOWS, platformVersion: 10.0, rotatable: false, setWindowRect: true, strictFileInteractability: false, timeouts: {implicit: 0, pageLoad: 300000, script: 30000}, unhandledPromptBehavior: dismiss and notify}
Session ID: 84446b24-08b3-43b4-83b4-6dc5844cb9e7
*** Element info: {Using=xpath, value=//a[@class='react-datepicker__navigation react-datepicker__navigation--previous']}
	at java.base/jdk.internal.reflect.NativeConstructorAccessorImpl.newInstance0(Native Method)
	at java.base/jdk.internal.reflect.NativeConstructorAccessorImpl.newInstance(NativeConstructorAccessorImpl.java:62)
	at java.base/jdk.internal.reflect.DelegatingConstructorAccessorImpl.newInstance(DelegatingConstructorAccessorImpl.java:45)
	at java.base/java.lang.reflect.Constructor.newInstance(Constructor.java:490)
	at org.openqa.selenium.remote.http.W3CHttpResponseCodec.createException(W3CHttpResponseCodec.java:187)
	at org.openqa.selenium.remote.http.W3CHttpResponseCodec.decode(W3CHttpResponseCodec.java:122)
	at org.openqa.selenium.remote.http.W3CHttpResponseCodec.decode(W3CHttpResponseCodec.java:49)
	at org.openqa.selenium.remote.HttpCommandExecutor.execute(HttpCommandExecutor.java:158)
	at org.openqa.selenium.remote.service.DriverCommandExecutor.execute(DriverCommandExecutor.java:83)
	at org.openqa.selenium.remote.RemoteWebDriver.execute(RemoteWebDriver.java:552)
	at org.openqa.selenium.remote.RemoteWebDriver.findElement(RemoteWebDriver.java:323)
	at org.openqa.selenium.remote.RemoteWebDriver.findElementByXPath(RemoteWebDriver.java:428)
	at org.openqa.selenium.By$ByXPath.findElement(By.java:353)
	at org.openqa.selenium.remote.RemoteWebDriver.findElement(RemoteWebDriver.java:315)
	at common.WebAPI.clickByXpath(WebAPI.java:341)
	at homepage.DestinationDealsHom.selectDepartureDate(DestinationDealsHom.java:105)
	at stepDefinitions.UADestinationStepDefinition.i_selected_the_departure_and_return_dates(UADestinationStepDefinition.java:127)
	at ✽.I selected the departure and return dates(file:///D:/Automation/BDDAutomationFramework_Team2/UnitedAirlines/src/test/java/features/Destinations.feature:80)
]]>
        </failure>
    </testcase>
    <testcase classname="working on DESTINATION DEALS" name="Changed bag rules" time="38.137">
        <system-out>
            <![CDATA[Given I am on United Airlines Home page.....................................passed
And I click on the DEALS option.............................................passed
When I clicked on Flights to popular destinations...........................passed
Then I should land on a new tab "United Cheap Flights to 300+ Destinations Worldwide | United Airlines".passed
And clicked on Changed bag rules Link.......................................passed
Then I should have a new page with a text "Changed bag rules and optional services".passed
]]>
        </system-out>
    </testcase>
    <testcase classname="working on DESTINATION DEALS" name="How much will it cost to check my bag?" time="38.404">
        <failure message="Given css selector expression &quot;//input[@aria-autocomplete='list']&quot; is invalid: InvalidSelectorError: Document.querySelector: '//input[@aria-autocomplete='list']' is not a valid selector: &quot;//input[@aria-autocomplete='list']&quot;&#10;For documentation on this error, please visit: https://www.seleniumhq.org/exceptions/invalid_selector_exception.html&#10;Build info: version: '3.141.59', revision: 'e82be7d358', time: '2018-11-14T08:17:03'&#10;System info: host: 'ALELIGN', ip: '192.168.188.1', os.name: 'Windows 10', os.arch: 'amd64', os.version: '10.0', java.version: '11.0.9'&#10;Driver info: org.openqa.selenium.firefox.FirefoxDriver&#10;Capabilities {acceptInsecureCerts: true, browserName: firefox, browserVersion: 87.0, javascriptEnabled: true, moz:accessibilityChecks: false, moz:buildID: 20210318103112, moz:geckodriverVersion: 0.29.0, moz:headless: false, moz:processID: 42332, moz:profile: C:\Users\Alelign\AppData\Lo..., moz:shutdownTimeout: 60000, moz:useNonSpecCompliantPointerOrigin: false, moz:webdriverClick: true, pageLoadStrategy: normal, platform: WINDOWS, platformName: WINDOWS, platformVersion: 10.0, rotatable: false, setWindowRect: true, strictFileInteractability: false, timeouts: {implicit: 0, pageLoad: 300000, script: 30000}, unhandledPromptBehavior: dismiss and notify}&#10;Session ID: f7b7ff54-218c-4bd1-96c1-07f4a5c7ee1c&#10;*** Element info: {Using=css selector, value=//input[@aria-autocomplete='list']}" type="org.openqa.selenium.InvalidSelectorException">
            <![CDATA[Given I am on United Airlines Home page.....................................passed
And I click on the DEALS option.............................................passed
When I clicked on Flights to popular destinations...........................passed
Then I should land on a new tab "United Cheap Flights to 300+ Destinations Worldwide | United Airlines".passed
And clicked on Changed bag rules Link.......................................passed
Then I should have a new page with a text "Changed bag rules and optional services".passed
And I clicked on Any Flights Tab............................................passed
And Update the From and To box with cities..................................failed
Then I should have same page updated and a text "Standard checked bag price" will be displayed.skipped

StackTrace:
org.openqa.selenium.InvalidSelectorException: Given css selector expression "//input[@aria-autocomplete='list']" is invalid: InvalidSelectorError: Document.querySelector: '//input[@aria-autocomplete='list']' is not a valid selector: "//input[@aria-autocomplete='list']"
For documentation on this error, please visit: https://www.seleniumhq.org/exceptions/invalid_selector_exception.html
Build info: version: '3.141.59', revision: 'e82be7d358', time: '2018-11-14T08:17:03'
System info: host: 'ALELIGN', ip: '192.168.188.1', os.name: 'Windows 10', os.arch: 'amd64', os.version: '10.0', java.version: '11.0.9'
Driver info: org.openqa.selenium.firefox.FirefoxDriver
Capabilities {acceptInsecureCerts: true, browserName: firefox, browserVersion: 87.0, javascriptEnabled: true, moz:accessibilityChecks: false, moz:buildID: 20210318103112, moz:geckodriverVersion: 0.29.0, moz:headless: false, moz:processID: 42332, moz:profile: C:\Users\Alelign\AppData\Lo..., moz:shutdownTimeout: 60000, moz:useNonSpecCompliantPointerOrigin: false, moz:webdriverClick: true, pageLoadStrategy: normal, platform: WINDOWS, platformName: WINDOWS, platformVersion: 10.0, rotatable: false, setWindowRect: true, strictFileInteractability: false, timeouts: {implicit: 0, pageLoad: 300000, script: 30000}, unhandledPromptBehavior: dismiss and notify}
Session ID: f7b7ff54-218c-4bd1-96c1-07f4a5c7ee1c
*** Element info: {Using=css selector, value=//input[@aria-autocomplete='list']}
	at java.base/jdk.internal.reflect.NativeConstructorAccessorImpl.newInstance0(Native Method)
	at java.base/jdk.internal.reflect.NativeConstructorAccessorImpl.newInstance(NativeConstructorAccessorImpl.java:62)
	at java.base/jdk.internal.reflect.DelegatingConstructorAccessorImpl.newInstance(DelegatingConstructorAccessorImpl.java:45)
	at java.base/java.lang.reflect.Constructor.newInstance(Constructor.java:490)
	at org.openqa.selenium.remote.http.W3CHttpResponseCodec.createException(W3CHttpResponseCodec.java:187)
	at org.openqa.selenium.remote.http.W3CHttpResponseCodec.decode(W3CHttpResponseCodec.java:122)
	at org.openqa.selenium.remote.http.W3CHttpResponseCodec.decode(W3CHttpResponseCodec.java:49)
	at org.openqa.selenium.remote.HttpCommandExecutor.execute(HttpCommandExecutor.java:158)
	at org.openqa.selenium.remote.service.DriverCommandExecutor.execute(DriverCommandExecutor.java:83)
	at org.openqa.selenium.remote.RemoteWebDriver.execute(RemoteWebDriver.java:552)
	at org.openqa.selenium.remote.RemoteWebDriver.findElement(RemoteWebDriver.java:323)
	at org.openqa.selenium.remote.RemoteWebDriver.findElementByCssSelector(RemoteWebDriver.java:420)
	at org.openqa.selenium.By$ByCssSelector.findElement(By.java:431)
	at org.openqa.selenium.remote.RemoteWebDriver.findElement(RemoteWebDriver.java:315)
	at homepage.DestinationDealsHom.toUpdateOnFrom(DestinationDealsHom.java:191)
	at stepDefinitions.UADestinationStepDefinition.update_the_from_and_to_box_with_cities(UADestinationStepDefinition.java:232)
	at ✽.Update the From and To box with cities(file:///D:/Automation/BDDAutomationFramework_Team2/UnitedAirlines/src/test/java/features/Destinations.feature:99)
]]>
        </failure>
    </testcase>
    <testcase classname="Test United Airlines deals features on https://www.united.com/en/us/" name="Current offers and promos" time="17.195">
        <system-out>
            <![CDATA[Given I am on United Airlines Home page.....................................passed
And I click on the DEALS option.............................................passed
Then I should see the OFFERS option.........................................passed
]]>
        </system-out>
    </testcase>
    <testcase classname="Working on United Airlines OFFERS section under Deals" name="Current offers and promos" time="19.933">
        <system-out>
            <![CDATA[Given I am on United Airlines Home page.....................................passed
And I click on the DEALS option.............................................passed
And I click on the Current offers and promos link...........................passed
Then I should see Deals & offers on the front page..........................passed
]]>
        </system-out>
    </testcase>
    <testcase classname="Working on United Airlines OFFERS section under Deals" name="MileagePlus news and offers" time="21.422">
        <system-out>
            <![CDATA[Given I am on United Airlines Home page.....................................passed
And I click on the DEALS option.............................................passed
And I click on MileagePlus news and offers link.............................passed
Then I should see MileagePlus deals & offers on the front page..............passed
]]>
        </system-out>
    </testcase>
    <testcase classname="Working on United Airlines OFFERS section under Deals" name="Discounts for 18 to 22 year olds" time="19.685">
        <system-out>
            <![CDATA[Given I am on United Airlines Home page.....................................passed
And I click on the DEALS option.............................................passed
When I click on Discounts for 18 to 22 year olds link.......................passed
Then I should see Discounts for 18 to 22 year olds on the front page........passed
]]>
        </system-out>
    </testcase>
    <testcase classname="Working on United Airlines OFFERS section under Deals" name="Veterans Advantage discount" time="20.775">
        <system-out>
            <![CDATA[Given I am on United Airlines Home page.....................................passed
And I click on the DEALS option.............................................passed
And I click on Veterans Advantage discount link.............................passed
Then I should see Veterans Advantage discount on the front page.............passed
]]>
        </system-out>
    </testcase>
    <testcase classname="Working on United Airlines OFFERS section under Deals" name="Redeem eCertificate" time="25.313">
        <system-out>
            <![CDATA[Given I am on United Airlines Home page.....................................passed
And I click on the DEALS option.............................................passed
And I clicked On Redeem eCertificate link...................................passed
Then I should see Redeem eCertificate displayed on the front page...........passed
]]>
        </system-out>
    </testcase>
    <testcase classname="Working on United Airlines OFFERS section under Deals" name="Getting Electronic travel certificate Under Redeem eCert" time="25.564">
        <system-out>
            <![CDATA[Given I am on United Airlines Home page.....................................passed
And I click on the DEALS option.............................................passed
When I clicked On Redeem eCertificate link..................................passed
And scroll to Electronic travel certificate Section.........................passed
And Select Year "2019" Under Year Issued....................................passed
And entered "1234567891" in PIN Options.....................................passed
And enter "Selam" in the last name field....................................passed
When I clicked on confirm button............................................passed
Then I should have get "Please make sure you entered valid information." in return.passed
]]>
        </system-out>
    </testcase>
    <testcase classname="Working on United Airlines OFFERS section under Deals" name="Electronic travel certificate Look up" time="29.436">
        <failure message="" type="java.lang.NullPointerException">
            <![CDATA[Given I am on United Airlines Home page.....................................passed
And I click on the DEALS option.............................................passed
And I clicked On Redeem eCertificate link...................................passed
And I Selected the Year issued "2019".......................................passed
And I entered the an invalid Pin "2356987542"...............................passed
And I entered unanimous  Recipient's last name "David"......................passed
When I clicked on the confirm button........................................passed
Then I should have get a response "Please make sure you entered valid information.".failed

StackTrace:
java.lang.NullPointerException
	at stepDefinitions.UAOffersSectionStepDefinition.i_should_have_get_a_response_entered_valid_information(UAOffersSectionStepDefinition.java:129)
	at ✽.I should have get a response "Please make sure you entered valid information."(file:///D:/Automation/BDDAutomationFramework_Team2/UnitedAirlines/src/test/java/features/UAOffersSection.feature:49)
]]>
        </failure>
    </testcase>
</testsuite>
