<?xml version="1.0" encoding="UTF-8" standalone="no"?>
<testsuite errors="0" failures="1" name="io.cucumber.core.plugin.JUnitFormatter" skipped="0" tests="7" time="0.642">
    <testcase classname="Test United Airlines deals features on https://www.united.com/en/us/" name="Current offers and promos" time="0.076">
        <system-out>
            <![CDATA[Given I am on United Airlines Home page.....................................passed
And I click on the DEALS option.............................................passed
Then I should see the OFFERS option.........................................passed
]]>
        </system-out>
    </testcase>
    <testcase classname="Working on United Airlines OFFERS section under Deals" name="Current offers and promos" time="0.039">
        <system-out>
            <![CDATA[Given I am on United Airlines Home page.....................................passed
And I click on the DEALS option.............................................passed
And I click on the Current offers and promos link...........................passed
Then I should see Deals & offers on the front page..........................passed
]]>
        </system-out>
    </testcase>
    <testcase classname="Working on United Airlines OFFERS section under Deals" name="MileagePlus news and offers" time="0.015">
        <system-out>
            <![CDATA[Given I am on United Airlines Home page.....................................passed
And I click on the DEALS option.............................................passed
And I click on MileagePlus news and offers link.............................passed
Then I should see MileagePlus deals & offers on the front page..............passed
]]>
        </system-out>
    </testcase>
    <testcase classname="Working on United Airlines OFFERS section under Deals" name="Discounts for 18 to 22 year olds" time="0.01">
        <system-out>
            <![CDATA[Given I am on United Airlines Home page.....................................passed
And I click on the DEALS option.............................................passed
When I click on Discounts for 18 to 22 year olds link.......................passed
Then I should see Discounts for 18 to 22 year olds on the front page........passed
]]>
        </system-out>
    </testcase>
    <testcase classname="Working on United Airlines OFFERS section under Deals" name="Veterans Advantage discount" time="0.007">
        <system-out>
            <![CDATA[Given I am on United Airlines Home page.....................................passed
And I click on the DEALS option.............................................passed
And I click on Veterans Advantage discount link.............................passed
Then I should see Veterans Advantage discount on the front page.............passed
]]>
        </system-out>
    </testcase>
    <testcase classname="Working on United Airlines OFFERS section under Deals" name="Redeem eCertificate" time="0.006">
        <system-out>
            <![CDATA[Given I am on United Airlines Home page.....................................passed
And I click on the DEALS option.............................................passed
And I clicked On Redeem eCertificate link...................................passed
Then I should see Redeem eCertificate displayed on the front page...........passed
]]>
        </system-out>
    </testcase>
    <testcase classname="Working on United Airlines OFFERS section under Deals" name="Getting Electronic travel certificate Under Redeem eCert" time="0.018">
        <failure message="The scenario has pending or undefined step(s)" type="java.lang.Exception">
            <![CDATA[Given I am on United Airlines Home page.....................................passed
And I click on the DEALS option.............................................passed
When I clicked On Redeem eCertificate link..................................passed
And scroll to Electronic travel certificate Section.........................undefined
And Select Year "2019" Under Year Issued....................................skipped
And entered "1234567891" in PIN Options.....................................skipped
And enter " Selam " in the last name field..................................skipped
When I clicked on confirm button............................................skipped
Then I should have get "Please make sure you entered valid information " in return.skipped
]]>
        </failure>
    </testcase>
</testsuite>
