<?xml version="1.0" encoding="UTF-8" standalone="no"?>
<testsuite errors="0" failures="1" name="io.cucumber.core.plugin.JUnitFormatter" skipped="0" tests="16" time="0.709">
    <testcase classname="working on DESTINATION DEALS" name="Flights to popular destinations" time="0.078">
        <system-out>
            <![CDATA[When I clicked on Flights to popular destinations...........................passed
Then I should land on a new tab "United Cheap Flights to 300+ Destinations Worldwide | United Airlines".passed
]]>
        </system-out>
    </testcase>
    <testcase classname="working on DESTINATION DEALS" name="Flights to national parks" time="0.004">
        <system-out>
            <![CDATA[When I click on national parks..............................................passed
Then I should land on a new page with "Flights to USA National Parks - Find the Best Fare for Your Next Trip - United Airlines".passed
]]>
        </system-out>
    </testcase>
    <testcase classname="working on DESTINATION DEALS" name="Flights to San Francisco" time="0.003">
        <system-out>
            <![CDATA[When I clicked on Flights to San Francisco link.............................passed
Then I should have a new windows tab with a title "Flights to San Francisco".passed
]]>
        </system-out>
    </testcase>
    <testcase classname="working on DESTINATION DEALS" name="Flights to New York Newark" time="0.004">
        <system-out>
            <![CDATA[When I clicked on the Flights to New York Newark link.......................passed
Then I should be found a new page with a bread cramp end with "Flights to New York/Newark".passed
]]>
        </system-out>
    </testcase>
    <testcase classname="working on DESTINATION DEALS" name="Flights to Houston" time="0.004">
        <system-out>
            <![CDATA[When I clicked on the link on Flights to Houston............................passed
Then I should land to a new windows tab with bread cramp end with  "Flights to Houston".passed
]]>
        </system-out>
    </testcase>
    <testcase classname="working on DESTINATION DEALS" name="Flights to Chicago" time="0.003">
        <system-out>
            <![CDATA[When I clicked on Flights to Chicago link...................................passed
Then I should land to a new windows tab with bread cramp end with  "Flights to Chicago".passed
]]>
        </system-out>
    </testcase>
    <testcase classname="working on DESTINATION DEALS" name="Flights to Los Angeles" time="0.003">
        <system-out>
            <![CDATA[When I clicked on Flights to Los Angeles link...............................passed
Then I should land to a new windows tab with bread cramp end with  "Flights to Los Angeles".passed
]]>
        </system-out>
    </testcase>
    <testcase classname="working on DESTINATION DEALS" name="Flights to Orlando" time="0.003">
        <system-out>
            <![CDATA[When I clicked on Flights to Orlando link...................................passed
Then I should land to a new windows tab with bread cramp end with  "Flights to Orlando".passed
]]>
        </system-out>
    </testcase>
    <testcase classname="working on DESTINATION DEALS" name="" time="0.017">
        <failure message="The scenario has pending or undefined step(s)" type="java.lang.Exception">
            <![CDATA[Given I clicked on Flights to popular destinations..........................passed
And enter "Departure" and " Destination" into the From and To fields........undefined
And select a departure date form the calendar...............................skipped
And Select a return date from the given calendar............................skipped
And Select travelers class, traveler type and amount and click on done......skipped
And enter "Promotion" in the promo field....................................skipped
When I click on search flights..............................................skipped
Then I should have..........................................................skipped
]]>
        </failure>
    </testcase>
    <testcase classname="Test United Airlines deals features on https://www.united.com/en/us/" name="Current offers and promos" time="0.013">
        <system-out>
            <![CDATA[Given I am on United Airlines Home page.....................................passed
And I click on the DEALS option.............................................passed
Then I should see the OFFERS option.........................................passed
]]>
        </system-out>
    </testcase>
    <testcase classname="Working on United Airlines OFFERS section under Deals" name="Current offers and promos" time="0.009">
        <system-out>
            <![CDATA[Given I am on United Airlines Home page.....................................passed
And I click on the DEALS option.............................................passed
And I click on the Current offers and promos link...........................passed
Then I should see Deals & offers on the front page..........................passed
]]>
        </system-out>
    </testcase>
    <testcase classname="Working on United Airlines OFFERS section under Deals" name="MileagePlus news and offers" time="0.008">
        <system-out>
            <![CDATA[Given I am on United Airlines Home page.....................................passed
And I click on the DEALS option.............................................passed
And I click on MileagePlus news and offers link.............................passed
Then I should see MileagePlus deals & offers on the front page..............passed
]]>
        </system-out>
    </testcase>
    <testcase classname="Working on United Airlines OFFERS section under Deals" name="Discounts for 18 to 22 year olds" time="0.005">
        <system-out>
            <![CDATA[Given I am on United Airlines Home page.....................................passed
And I click on the DEALS option.............................................passed
When I click on Discounts for 18 to 22 year olds link.......................passed
Then I should see Discounts for 18 to 22 year olds on the front page........passed
]]>
        </system-out>
    </testcase>
    <testcase classname="Working on United Airlines OFFERS section under Deals" name="Veterans Advantage discount" time="0.005">
        <system-out>
            <![CDATA[Given I am on United Airlines Home page.....................................passed
And I click on the DEALS option.............................................passed
And I click on Veterans Advantage discount link.............................passed
Then I should see Veterans Advantage discount on the front page.............passed
]]>
        </system-out>
    </testcase>
    <testcase classname="Working on United Airlines OFFERS section under Deals" name="Redeem eCertificate" time="0.004">
        <system-out>
            <![CDATA[Given I am on United Airlines Home page.....................................passed
And I click on the DEALS option.............................................passed
And I clicked On Redeem eCertificate link...................................passed
Then I should see Redeem eCertificate displayed on the front page...........passed
]]>
        </system-out>
    </testcase>
    <testcase classname="Working on United Airlines OFFERS section under Deals" name="Getting Electronic travel certificate Under Redeem eCert" time="0.008">
        <system-out>
            <![CDATA[Given I am on United Airlines Home page.....................................passed
And I click on the DEALS option.............................................passed
When I clicked On Redeem eCertificate link..................................passed
And scroll to Electronic travel certificate Section.........................passed
And Select Year "2019" Under Year Issued....................................passed
And entered "1234567891" in PIN Options.....................................passed
And enter "Selam" in the last name field....................................passed
When I clicked on confirm button............................................passed
Then I should have get "Please make sure you entered valid information." in return.passed
]]>
        </system-out>
    </testcase>
</testsuite>
