<?xml version="1.0" encoding="UTF-8" standalone="no"?>
<testsuite errors="0" failures="1" name="io.cucumber.core.plugin.JUnitFormatter" skipped="0" tests="1" time="0.946">
    <testcase classname="Learn Data Tables" name="Data Table Example without header" time="0.222">
        <failure message="" type="java.lang.NullPointerException">
            <![CDATA[Given I am on amazon homePage...............................................undefined
And I click on Account & Lists..............................................skipped
And I enter Email or mobile phone number from table.........................skipped
And I click on continue button..............................................skipped
And I enter password from table.............................................skipped
And I click on signIn Button................................................skipped
Then I should see "There was a problem".....................................skipped

StackTrace:
java.lang.NullPointerException
	at common.WebAPI.cleanUp(WebAPI.java:209)
	at stepDefinitions.UnitedAirStepDefinition.tearDown(UnitedAirStepDefinition.java:29)
]]>
        </failure>
    </testcase>
</testsuite>
